[debug] [2020-06-20T15:06:34.744Z] ----------------------------------------------------------------------
[debug] [2020-06-20T15:06:34.746Z] Command:       C:\Program Files\nodejs\node.exe C:\Users\Piyush Verma\AppData\Roaming\npm\node_modules\firebase-tools\lib\bin\firebase.js init
[debug] [2020-06-20T15:06:34.747Z] CLI Version:   8.4.3
[debug] [2020-06-20T15:06:34.747Z] Platform:      win32
[debug] [2020-06-20T15:06:34.747Z] Node Version:  v12.18.0
[debug] [2020-06-20T15:06:34.748Z] Time:          Sat Jun 20 2020 20:36:34 GMT+0530 (India Standard Time)
[debug] [2020-06-20T15:06:34.748Z] ----------------------------------------------------------------------
[debug] [2020-06-20T15:06:34.748Z] 
[debug] [2020-06-20T15:06:34.758Z] > command requires scopes: ["email","openid","https://www.googleapis.com/auth/cloudplatformprojects.readonly","https://www.googleapis.com/auth/firebase","https://www.googleapis.com/auth/cloud-platform"]
[debug] [2020-06-20T15:06:34.759Z] > authorizing via signed-in user
[info] 
     ######## #### ########  ######## ########     ###     ######  ########
     ##        ##  ##     ## ##       ##     ##  ##   ##  ##       ##
     ######    ##  ########  ######   ########  #########  ######  ######
     ##        ##  ##    ##  ##       ##     ## ##     ##       ## ##
     ##       #### ##     ## ######## ########  ##     ##  ######  ########

You're about to initialize a Firebase project in this directory:

  C:\Users\Piyush Verma\Documents\projects\onepage

[info] 
=== Project Setup
[info] 
[info] First, let's associate this project directory with a Firebase project.
[info] You can create multiple project aliases by running firebase use --add, 
[info] but for now we'll just set up a default project.
[info] 
[info] i  If you want to create a project in a Google Cloud organization or folder, please use "firebase projects:create" instead, and return to this command when you've created the project. 
